<?xml version="1.0" encoding="UTF-8"?>
<testsuite xmlns:xsi="http://www.w3.org/2001/XMLSchema-instance" xsi:noNamespaceSchemaLocation="https://maven.apache.org/surefire/maven-surefire-plugin/xsd/surefire-test-report-3.0.xsd" version="3.0" name="codingblackfemales.gettingstarted.MyAlgoBackTest" time="0.352" tests="1" errors="0" skipped="0" failures="0">
  <properties>
    <property name="java.specification.version" value="20"/>
    <property name="sun.cpu.isalist" value="amd64"/>
    <property name="sun.jnu.encoding" value="Cp1252"/>
    <property name="java.class.path" value="C:\Users\Paul\CBFAcademy\codingblackfemales\algo-coding-exercise\getting-started\target\test-classes;C:\Users\Paul\CBFAcademy\codingblackfemales\algo-coding-exercise\getting-started\target\classes;C:\Users\Paul\.m2\repository\codingblackfemales\algo\0.01-SNAPSHOT\algo-0.01-SNAPSHOT.jar;C:\Users\Paul\.m2\repository\codingblackfemales\dictionary\0.01-SNAPSHOT\dictionary-0.01-SNAPSHOT.jar;C:\Users\Paul\.m2\repository\org\agrona\agrona\1.16.0\agrona-1.16.0.jar;C:\Users\Paul\.m2\repository\codingblackfemales\sequencer\0.01-SNAPSHOT\sequencer-0.01-SNAPSHOT.jar;C:\Users\Paul\.m2\repository\com\google\code\gson\gson\2.10.1\gson-2.10.1.jar;C:\Users\Paul\.m2\repository\org\apache\commons\commons-lang3\3.12.0\commons-lang3-3.12.0.jar;C:\Users\Paul\.m2\repository\codingblackfemales\backtest\0.01-SNAPSHOT\backtest-0.01-SNAPSHOT.jar;C:\Users\Paul\.m2\repository\codingblackfemales\collection\0.01-SNAPSHOT\collection-0.01-SNAPSHOT.jar;C:\Users\Paul\.m2\repository\codingblackfemales\sequencer\0.01-SNAPSHOT\sequencer-0.01-SNAPSHOT-tests.jar;C:\Users\Paul\.m2\repository\junit\junit\4.11\junit-4.11.jar;C:\Users\Paul\.m2\repository\org\hamcrest\hamcrest-core\1.3\hamcrest-core-1.3.jar;C:\Users\Paul\.m2\repository\uk\co\real-logic\sbe-all\1.26.0\sbe-all-1.26.0.jar;C:\Users\Paul\.m2\repository\org\mockito\mockito-core\5.4.0\mockito-core-5.4.0.jar;C:\Users\Paul\.m2\repository\net\bytebuddy\byte-buddy\1.14.5\byte-buddy-1.14.5.jar;C:\Users\Paul\.m2\repository\net\bytebuddy\byte-buddy-agent\1.14.5\byte-buddy-agent-1.14.5.jar;C:\Users\Paul\.m2\repository\org\objenesis\objenesis\3.3\objenesis-3.3.jar;C:\Users\Paul\.m2\repository\ch\qos\logback\logback-core\1.3.5\logback-core-1.3.5.jar;C:\Users\Paul\.m2\repository\org\slf4j\slf4j-api\2.0.4\slf4j-api-2.0.4.jar;C:\Users\Paul\.m2\repository\ch\qos\logback\logback-classic\1.3.5\logback-classic-1.3.5.jar;"/>
    <property name="java.vm.vendor" value="Oracle Corporation"/>
    <property name="sun.arch.data.model" value="64"/>
    <property name="user.variant" value=""/>
    <property name="java.vendor.url" value="https://java.oracle.com/"/>
    <property name="user.timezone" value="Europe/London"/>
    <property name="os.name" value="Windows 11"/>
    <property name="java.vm.specification.version" value="20"/>
    <property name="sun.java.launcher" value="SUN_STANDARD"/>
    <property name="user.country" value="GB"/>
    <property name="sun.boot.library.path" value="C:\Program Files\Java\jdk-20\bin"/>
    <property name="sun.java.command" value="C:\Users\Paul\AppData\Local\Temp\surefire317116599779464672\surefirebooter-20231005151853512_3.jar C:\Users\Paul\AppData\Local\Temp\surefire317116599779464672 2023-10-05T15-18-53_372-jvmRun1 surefire-20231005151853512_1tmp surefire_0-20231005151853512_2tmp"/>
    <property name="jdk.debug" value="release"/>
    <property name="surefire.test.class.path" value="C:\Users\Paul\CBFAcademy\codingblackfemales\algo-coding-exercise\getting-started\target\test-classes;C:\Users\Paul\CBFAcademy\codingblackfemales\algo-coding-exercise\getting-started\target\classes;C:\Users\Paul\.m2\repository\codingblackfemales\algo\0.01-SNAPSHOT\algo-0.01-SNAPSHOT.jar;C:\Users\Paul\.m2\repository\codingblackfemales\dictionary\0.01-SNAPSHOT\dictionary-0.01-SNAPSHOT.jar;C:\Users\Paul\.m2\repository\org\agrona\agrona\1.16.0\agrona-1.16.0.jar;C:\Users\Paul\.m2\repository\codingblackfemales\sequencer\0.01-SNAPSHOT\sequencer-0.01-SNAPSHOT.jar;C:\Users\Paul\.m2\repository\com\google\code\gson\gson\2.10.1\gson-2.10.1.jar;C:\Users\Paul\.m2\repository\org\apache\commons\commons-lang3\3.12.0\commons-lang3-3.12.0.jar;C:\Users\Paul\.m2\repository\codingblackfemales\backtest\0.01-SNAPSHOT\backtest-0.01-SNAPSHOT.jar;C:\Users\Paul\.m2\repository\codingblackfemales\collection\0.01-SNAPSHOT\collection-0.01-SNAPSHOT.jar;C:\Users\Paul\.m2\repository\codingblackfemales\sequencer\0.01-SNAPSHOT\sequencer-0.01-SNAPSHOT-tests.jar;C:\Users\Paul\.m2\repository\junit\junit\4.11\junit-4.11.jar;C:\Users\Paul\.m2\repository\org\hamcrest\hamcrest-core\1.3\hamcrest-core-1.3.jar;C:\Users\Paul\.m2\repository\uk\co\real-logic\sbe-all\1.26.0\sbe-all-1.26.0.jar;C:\Users\Paul\.m2\repository\org\mockito\mockito-core\5.4.0\mockito-core-5.4.0.jar;C:\Users\Paul\.m2\repository\net\bytebuddy\byte-buddy\1.14.5\byte-buddy-1.14.5.jar;C:\Users\Paul\.m2\repository\net\bytebuddy\byte-buddy-agent\1.14.5\byte-buddy-agent-1.14.5.jar;C:\Users\Paul\.m2\repository\org\objenesis\objenesis\3.3\objenesis-3.3.jar;C:\Users\Paul\.m2\repository\ch\qos\logback\logback-core\1.3.5\logback-core-1.3.5.jar;C:\Users\Paul\.m2\repository\org\slf4j\slf4j-api\2.0.4\slf4j-api-2.0.4.jar;C:\Users\Paul\.m2\repository\ch\qos\logback\logback-classic\1.3.5\logback-classic-1.3.5.jar;"/>
    <property name="sun.cpu.endian" value="little"/>
    <property name="user.home" value="C:\Users\Paul"/>
    <property name="user.language" value="en"/>
    <property name="java.specification.vendor" value="Oracle Corporation"/>
    <property name="java.version.date" value="2023-07-18"/>
    <property name="java.home" value="C:\Program Files\Java\jdk-20"/>
    <property name="file.separator" value="\"/>
    <property name="basedir" value="C:\Users\Paul\CBFAcademy\codingblackfemales\algo-coding-exercise\getting-started"/>
    <property name="java.vm.compressedOopsMode" value="Zero based"/>
    <property name="line.separator" value="&#10;"/>
    <property name="java.vm.specification.vendor" value="Oracle Corporation"/>
    <property name="java.specification.name" value="Java Platform API Specification"/>
    <property name="surefire.real.class.path" value="C:\Users\Paul\AppData\Local\Temp\surefire317116599779464672\surefirebooter-20231005151853512_3.jar"/>
    <property name="user.script" value=""/>
    <property name="sun.management.compiler" value="HotSpot 64-Bit Tiered Compilers"/>
    <property name="java.runtime.version" value="20.0.2+9-78"/>
    <property name="user.name" value="Paul"/>
    <property name="stdout.encoding" value="Cp1252"/>
    <property name="path.separator" value=";"/>
    <property name="os.version" value="10.0"/>
    <property name="java.runtime.name" value="Java(TM) SE Runtime Environment"/>
    <property name="file.encoding" value="UTF-8"/>
    <property name="java.vm.name" value="Java HotSpot(TM) 64-Bit Server VM"/>
    <property name="localRepository" value="C:\Users\Paul\.m2\repository"/>
    <property name="java.vendor.url.bug" value="https://bugreport.java.com/bugreport/"/>
    <property name="java.io.tmpdir" value="C:\Users\Paul\AppData\Local\Temp\"/>
    <property name="idea.version" value="2023.2.2"/>
    <property name="java.version" value="20.0.2"/>
    <property name="user.dir" value="C:\Users\Paul\CBFAcademy\codingblackfemales\algo-coding-exercise\getting-started"/>
    <property name="os.arch" value="amd64"/>
    <property name="java.vm.specification.name" value="Java Virtual Machine Specification"/>
    <property name="sun.os.patch.level" value=""/>
    <property name="native.encoding" value="Cp1252"/>
    <property name="java.library.path" value="C:\Program Files\Java\jdk-20\bin;C:\WINDOWS\Sun\Java\bin;C:\WINDOWS\system32;C:\WINDOWS;C:\Program Files\Common Files\Oracle\Java\javapath;C:\Python311\Scripts\;C:\Python311\;C:\Windows\system32;C:\Windows;C:\Windows\System32\Wbem;C:\Windows\System32\WindowsPowerShell\v1.0\;C:\Windows\System32\OpenSSH\;C:\Program Files (x86)\NVIDIA Corporation\PhysX\Common;C:\Program Files\NVIDIA Corporation\NVIDIA NGX;C:\Program Files\NVIDIA Corporation\NVIDIA NvDLISR;C:\WINDOWS\system32;C:\WINDOWS;C:\WINDOWS\System32\Wbem;C:\WINDOWS\System32\WindowsPowerShell\v1.0\;C:\WINDOWS\System32\OpenSSH\;C:\Program Files (x86)\Microsoft SQL Server\140\Tools\Binn\;C:\Program Files\Microsoft SQL Server\140\Tools\Binn\;C:\Program Files\Microsoft SQL Server\Client SDK\ODBC\130\Tools\Binn\;C:\Program Files\Microsoft SQL Server\140\DTS\Binn\;C:\Program Files (x86)\Microsoft SQL Server\Client SDK\ODBC\130\Tools\Binn\;C:\Program Files (x86)\Microsoft SQL Server\140\DTS\Binn\;C:\Program Files (x86)\Microsoft SQL Server\140\Tools\Binn\ManagementStudio\;C:\Program Files\PuTTY\;C:\Program Files\dotnet\;C:\ProgramData\chocolatey\bin;C:\Program Files\nodejs\;C:\Users\Paul\Downloads\jdk-11.0.19_windows-x64_bin.exe;C:\Users\Paul\Desktop\marvendownloadedzipcontents\apache-maven-3.9.4\bin;C:\Program Files\Git\cmd;C:\Users\Paul\AppData\Local\Microsoft\WindowsApps;C:\Users\Paul\AppData\Roaming\npm;C:\Users\Paul\AppData\Local\Programs\Microsoft VS Code\bin;."/>
    <property name="java.vm.info" value="mixed mode, sharing"/>
    <property name="stderr.encoding" value="Cp1252"/>
    <property name="java.vendor" value="Oracle Corporation"/>
    <property name="java.vm.version" value="20.0.2+9-78"/>
    <property name="sun.io.unicode.encoding" value="UnicodeLittle"/>
    <property name="java.class.version" value="64.0"/>
  </properties>
  <testcase name="testExampleBackTest" classname="codingblackfemales.gettingstarted.MyAlgoBackTest" time="0.072">
    <system-out><![CDATA[15:18:54.254 [main] INFO  c.sequencer.consumer.LoggingConsumer - [1] 
|----BID-----|
    100 @ 98
    200 @ 95
    300 @ 91
|----ASK-----|
   101 @ 100
   200 @ 110
  5000 @ 115
  5600 @ 119

15:18:54.259 [main] INFO  c.orderbook.OrderBook - [ORDERBOOK] Processing Mkt Data Update
15:18:54.261 [main] DEBUG c.orderbook.OrderBook - [ORDERBOOK] ASK: Adding orderMktData(price=98,quantity=100)
15:18:54.261 [main] DEBUG c.orderbook.OrderBook - [ORDERBOOK] ASK: Adding orderMktData(price=95,quantity=200)
15:18:54.261 [main] DEBUG c.orderbook.OrderBook - [ORDERBOOK] ASK: Adding orderMktData(price=91,quantity=300)
15:18:54.261 [main] DEBUG c.orderbook.OrderBook - [ORDERBOOK] ASK: Adding orderMktData(price=100,quantity=101)
15:18:54.261 [main] DEBUG c.orderbook.OrderBook - [ORDERBOOK] ASK: Adding orderMktData(price=110,quantity=200)
15:18:54.261 [main] DEBUG c.orderbook.OrderBook - [ORDERBOOK] ASK: Adding orderMktData(price=115,quantity=5000)
15:18:54.261 [main] DEBUG c.orderbook.OrderBook - [ORDERBOOK] ASK: Adding orderMktData(price=119,quantity=5600)
15:18:54.261 [main] DEBUG c.service.MarketDataService - [ALGO] BID: price:98 quantity:100
15:18:54.261 [main] DEBUG c.service.MarketDataService - [ALGO] BID: price:95 quantity:200
15:18:54.262 [main] DEBUG c.service.MarketDataService - [ALGO] BID: price:91 quantity:300
15:18:54.262 [main] DEBUG c.service.MarketDataService - [ALGO] ASK: price:100 quantity:101
15:18:54.262 [main] DEBUG c.service.MarketDataService - [ALGO] ASK: price:110 quantity:200
15:18:54.262 [main] DEBUG c.service.MarketDataService - [ALGO] ASK: price:115 quantity:5000
15:18:54.262 [main] DEBUG c.service.MarketDataService - [ALGO] ASK: price:119 quantity:5600
15:18:54.265 [main] INFO  c.gettingstarted.MyAlgoLogic - [MYALGO] The state of the order book is:
|----BID-----||----ASK----|
    100 @ 98   101 @ 100
    200 @ 95   200 @ 110
    300 @ 91  5000 @ 115
          -   5600 @ 119
|------------||-----------|

15:18:54.269 [main] INFO  c.gettingstarted.MyAlgoLogic - [MYALGO] Have:0 children, want 10, joining passive side of book with: 60 @ 98
15:18:54.275 [main] INFO  c.container.Actioner - [ALGO] Actioner, sending action:CreateChildOrder(side=BUY,quantity=60,price=98)
15:18:54.275 [main] INFO  c.sequencer.consumer.LoggingConsumer - [2] [CreateOrder](sbeTemplateId=4|sbeSchemaId=2|sbeSchemaVersion=0|sbeBlockLength=33):instrumentId=0|price=98|quantity=60|side=BUY|orderId=2
15:18:54.278 [main] INFO  c.orderbook.OrderBook - [ORDERBOOK] Adding passive limit order to BID bookLimit(side=BUY,orderId=2,price=98,quantity=60)
15:18:54.279 [main] INFO  c.o.visitor.MutatingAddOrderVisitor - [ORDERBOOK] + MktData(price=98,quantity=100)
15:18:54.279 [main] DEBUG c.o.v.ReadOnlyMarketDataChannelPublishVisitor - Bid Side Size: 3
15:18:54.279 [main] DEBUG c.o.v.ReadOnlyMarketDataChannelPublishVisitor - Adding Mkt Data Msg BID: Price=98 Qty=160
15:18:54.279 [main] DEBUG c.o.v.ReadOnlyMarketDataChannelPublishVisitor - Adding Mkt Data Msg BID: Price=95 Qty=200
15:18:54.279 [main] DEBUG c.o.v.ReadOnlyMarketDataChannelPublishVisitor - Adding Mkt Data Msg BID: Price=91 Qty=300
15:18:54.279 [main] DEBUG c.o.v.ReadOnlyMarketDataChannelPublishVisitor - Ask Side Size: 4
15:18:54.279 [main] DEBUG c.o.v.ReadOnlyMarketDataChannelPublishVisitor - Adding Mkt Data Msg ASK: Price=100 Qty=101
15:18:54.279 [main] DEBUG c.o.v.ReadOnlyMarketDataChannelPublishVisitor - Adding Mkt Data Msg ASK: Price=110 Qty=200
15:18:54.279 [main] DEBUG c.o.v.ReadOnlyMarketDataChannelPublishVisitor - Adding Mkt Data Msg ASK: Price=115 Qty=5000
15:18:54.280 [main] DEBUG c.o.v.ReadOnlyMarketDataChannelPublishVisitor - Adding Mkt Data Msg ASK: Price=119 Qty=5600
15:18:54.280 [main] INFO  c.o.channel.MarketDataChannel - [ORDERBOOK] Sending market data update...
15:18:54.280 [main] INFO  c.sequencer.consumer.LoggingConsumer - [3] 
|----BID-----|
    160 @ 98
    200 @ 95
    300 @ 91
|----ASK-----|
   101 @ 100
   200 @ 110
  5000 @ 115
  5600 @ 119

15:18:54.280 [main] DEBUG c.service.MarketDataService - [ALGO] BID: price:98 quantity:160
15:18:54.280 [main] DEBUG c.service.MarketDataService - [ALGO] BID: price:95 quantity:200
15:18:54.280 [main] DEBUG c.service.MarketDataService - [ALGO] BID: price:91 quantity:300
15:18:54.280 [main] DEBUG c.service.MarketDataService - [ALGO] ASK: price:100 quantity:101
15:18:54.280 [main] DEBUG c.service.MarketDataService - [ALGO] ASK: price:110 quantity:200
15:18:54.280 [main] DEBUG c.service.MarketDataService - [ALGO] ASK: price:115 quantity:5000
15:18:54.280 [main] DEBUG c.service.MarketDataService - [ALGO] ASK: price:119 quantity:5600
15:18:54.281 [main] INFO  c.gettingstarted.MyAlgoLogic - [MYALGO] The state of the order book is:
|----BID-----||----ASK----|
    160 @ 98   101 @ 100
    200 @ 95   200 @ 110
    300 @ 91  5000 @ 115
          -   5600 @ 119
|------------||-----------|

15:18:54.281 [main] INFO  c.gettingstarted.MyAlgoLogic - [MYALGO] Have:1 children, want 10, joining passive side of book with: 60 @ 98
15:18:54.281 [main] INFO  c.container.Actioner - [ALGO] Actioner, sending action:CreateChildOrder(side=BUY,quantity=60,price=98)
15:18:54.281 [main] INFO  c.sequencer.consumer.LoggingConsumer - [4] [CreateOrder](sbeTemplateId=4|sbeSchemaId=2|sbeSchemaVersion=0|sbeBlockLength=33):instrumentId=0|price=98|quantity=60|side=BUY|orderId=3
15:18:54.281 [main] INFO  c.orderbook.OrderBook - [ORDERBOOK] Adding passive limit order to BID bookLimit(side=BUY,orderId=3,price=98,quantity=60)
15:18:54.281 [main] INFO  c.o.visitor.MutatingAddOrderVisitor - [ORDERBOOK] + Limit(side=BUY,orderId=2,price=98,quantity=60)
15:18:54.281 [main] DEBUG c.o.v.ReadOnlyMarketDataChannelPublishVisitor - Bid Side Size: 3
15:18:54.281 [main] DEBUG c.o.v.ReadOnlyMarketDataChannelPublishVisitor - Adding Mkt Data Msg BID: Price=98 Qty=220
15:18:54.281 [main] DEBUG c.o.v.ReadOnlyMarketDataChannelPublishVisitor - Adding Mkt Data Msg BID: Price=95 Qty=200
15:18:54.281 [main] DEBUG c.o.v.ReadOnlyMarketDataChannelPublishVisitor - Adding Mkt Data Msg BID: Price=91 Qty=300
15:18:54.281 [main] DEBUG c.o.v.ReadOnlyMarketDataChannelPublishVisitor - Ask Side Size: 4
15:18:54.281 [main] DEBUG c.o.v.ReadOnlyMarketDataChannelPublishVisitor - Adding Mkt Data Msg ASK: Price=100 Qty=101
15:18:54.282 [main] DEBUG c.o.v.ReadOnlyMarketDataChannelPublishVisitor - Adding Mkt Data Msg ASK: Price=110 Qty=200
15:18:54.282 [main] DEBUG c.o.v.ReadOnlyMarketDataChannelPublishVisitor - Adding Mkt Data Msg ASK: Price=115 Qty=5000
15:18:54.282 [main] DEBUG c.o.v.ReadOnlyMarketDataChannelPublishVisitor - Adding Mkt Data Msg ASK: Price=119 Qty=5600
15:18:54.282 [main] INFO  c.o.channel.MarketDataChannel - [ORDERBOOK] Sending market data update...
15:18:54.282 [main] INFO  c.sequencer.consumer.LoggingConsumer - [5] 
|----BID-----|
    220 @ 98
    200 @ 95
    300 @ 91
|----ASK-----|
   101 @ 100
   200 @ 110
  5000 @ 115
  5600 @ 119

15:18:54.282 [main] DEBUG c.service.MarketDataService - [ALGO] BID: price:98 quantity:220
15:18:54.282 [main] DEBUG c.service.MarketDataService - [ALGO] BID: price:95 quantity:200
15:18:54.282 [main] DEBUG c.service.MarketDataService - [ALGO] BID: price:91 quantity:300
15:18:54.282 [main] DEBUG c.service.MarketDataService - [ALGO] ASK: price:100 quantity:101
15:18:54.282 [main] DEBUG c.service.MarketDataService - [ALGO] ASK: price:110 quantity:200
15:18:54.282 [main] DEBUG c.service.MarketDataService - [ALGO] ASK: price:115 quantity:5000
15:18:54.282 [main] DEBUG c.service.MarketDataService - [ALGO] ASK: price:119 quantity:5600
15:18:54.283 [main] INFO  c.gettingstarted.MyAlgoLogic - [MYALGO] The state of the order book is:
|----BID-----||----ASK----|
    220 @ 98   101 @ 100
    200 @ 95   200 @ 110
    300 @ 91  5000 @ 115
          -   5600 @ 119
|------------||-----------|

15:18:54.283 [main] INFO  c.gettingstarted.MyAlgoLogic - [MYALGO] Have:2 children, want 10, joining passive side of book with: 60 @ 98
15:18:54.283 [main] INFO  c.container.Actioner - [ALGO] Actioner, sending action:CreateChildOrder(side=BUY,quantity=60,price=98)
15:18:54.283 [main] INFO  c.sequencer.consumer.LoggingConsumer - [6] [CreateOrder](sbeTemplateId=4|sbeSchemaId=2|sbeSchemaVersion=0|sbeBlockLength=33):instrumentId=0|price=98|quantity=60|side=BUY|orderId=4
15:18:54.283 [main] INFO  c.orderbook.OrderBook - [ORDERBOOK] Adding passive limit order to BID bookLimit(side=BUY,orderId=4,price=98,quantity=60)
15:18:54.283 [main] INFO  c.o.visitor.MutatingAddOrderVisitor - [ORDERBOOK] + Limit(side=BUY,orderId=3,price=98,quantity=60)
15:18:54.283 [main] DEBUG c.o.v.ReadOnlyMarketDataChannelPublishVisitor - Bid Side Size: 3
15:18:54.283 [main] DEBUG c.o.v.ReadOnlyMarketDataChannelPublishVisitor - Adding Mkt Data Msg BID: Price=98 Qty=280
15:18:54.283 [main] DEBUG c.o.v.ReadOnlyMarketDataChannelPublishVisitor - Adding Mkt Data Msg BID: Price=95 Qty=200
15:18:54.283 [main] DEBUG c.o.v.ReadOnlyMarketDataChannelPublishVisitor - Adding Mkt Data Msg BID: Price=91 Qty=300
15:18:54.283 [main] DEBUG c.o.v.ReadOnlyMarketDataChannelPublishVisitor - Ask Side Size: 4
15:18:54.283 [main] DEBUG c.o.v.ReadOnlyMarketDataChannelPublishVisitor - Adding Mkt Data Msg ASK: Price=100 Qty=101
15:18:54.283 [main] DEBUG c.o.v.ReadOnlyMarketDataChannelPublishVisitor - Adding Mkt Data Msg ASK: Price=110 Qty=200
15:18:54.283 [main] DEBUG c.o.v.ReadOnlyMarketDataChannelPublishVisitor - Adding Mkt Data Msg ASK: Price=115 Qty=5000
15:18:54.283 [main] DEBUG c.o.v.ReadOnlyMarketDataChannelPublishVisitor - Adding Mkt Data Msg ASK: Price=119 Qty=5600
15:18:54.284 [main] INFO  c.o.channel.MarketDataChannel - [ORDERBOOK] Sending market data update...
15:18:54.284 [main] INFO  c.sequencer.consumer.LoggingConsumer - [7] 
|----BID-----|
    280 @ 98
    200 @ 95
    300 @ 91
|----ASK-----|
   101 @ 100
   200 @ 110
  5000 @ 115
  5600 @ 119

15:18:54.284 [main] DEBUG c.service.MarketDataService - [ALGO] BID: price:98 quantity:280
15:18:54.284 [main] DEBUG c.service.MarketDataService - [ALGO] BID: price:95 quantity:200
15:18:54.284 [main] DEBUG c.service.MarketDataService - [ALGO] BID: price:91 quantity:300
15:18:54.284 [main] DEBUG c.service.MarketDataService - [ALGO] ASK: price:100 quantity:101
15:18:54.284 [main] DEBUG c.service.MarketDataService - [ALGO] ASK: price:110 quantity:200
15:18:54.284 [main] DEBUG c.service.MarketDataService - [ALGO] ASK: price:115 quantity:5000
15:18:54.284 [main] DEBUG c.service.MarketDataService - [ALGO] ASK: price:119 quantity:5600
15:18:54.284 [main] INFO  c.gettingstarted.MyAlgoLogic - [MYALGO] The state of the order book is:
|----BID-----||----ASK----|
    280 @ 98   101 @ 100
    200 @ 95   200 @ 110
    300 @ 91  5000 @ 115
          -   5600 @ 119
|------------||-----------|

15:18:54.285 [main] INFO  c.gettingstarted.MyAlgoLogic - [MYALGO] Have:3 children, want 3, done.
15:18:54.285 [main] INFO  c.sequencer.consumer.LoggingConsumer - [8] 
|----BID-----|
    100 @ 95
    200 @ 93
    300 @ 91
|----ASK-----|
    501 @ 98
   200 @ 101
  5000 @ 110
  5600 @ 119

15:18:54.285 [main] INFO  c.orderbook.OrderBook - [ORDERBOOK] Processing Mkt Data Update
15:18:54.285 [main] INFO  c.o.v.MutatingRemoveAllMarketDataOrdersVisitor - [ORDERBOOK] Removing market data order:MktData(price=98,quantity=100)
15:18:54.285 [main] INFO  c.o.v.MutatingRemoveAllMarketDataOrdersVisitor - [ORDERBOOK] Removing market data order:MktData(price=95,quantity=200)
15:18:54.286 [main] INFO  c.o.v.MutatingRemoveAllMarketDataOrdersVisitor - [ORDERBOOK] Removing level:95
15:18:54.287 [main] INFO  c.o.v.MutatingRemoveAllMarketDataOrdersVisitor - [ORDERBOOK] Removing market data order:MktData(price=91,quantity=300)
15:18:54.287 [main] INFO  c.o.v.MutatingRemoveAllMarketDataOrdersVisitor - [ORDERBOOK] Removing level:91
15:18:54.287 [main] DEBUG c.orderbook.OrderBook - [ORDERBOOK] ASK: Adding orderMktData(price=95,quantity=100)
15:18:54.287 [main] DEBUG c.orderbook.OrderBook - [ORDERBOOK] ASK: Adding orderMktData(price=93,quantity=200)
15:18:54.287 [main] DEBUG c.orderbook.OrderBook - [ORDERBOOK] ASK: Adding orderMktData(price=91,quantity=300)
15:18:54.287 [main] INFO  c.o.v.MutatingRemoveAllMarketDataOrdersVisitor - [ORDERBOOK] Removing market data order:MktData(price=100,quantity=101)
15:18:54.287 [main] INFO  c.o.v.MutatingRemoveAllMarketDataOrdersVisitor - [ORDERBOOK] Removing level:100
15:18:54.287 [main] INFO  c.o.v.MutatingRemoveAllMarketDataOrdersVisitor - [ORDERBOOK] Removing market data order:MktData(price=110,quantity=200)
15:18:54.287 [main] INFO  c.o.v.MutatingRemoveAllMarketDataOrdersVisitor - [ORDERBOOK] Removing level:110
15:18:54.287 [main] INFO  c.o.v.MutatingRemoveAllMarketDataOrdersVisitor - [ORDERBOOK] Removing market data order:MktData(price=115,quantity=5000)
15:18:54.287 [main] INFO  c.o.v.MutatingRemoveAllMarketDataOrdersVisitor - [ORDERBOOK] Removing level:115
15:18:54.287 [main] INFO  c.o.v.MutatingRemoveAllMarketDataOrdersVisitor - [ORDERBOOK] Removing market data order:MktData(price=119,quantity=5600)
15:18:54.287 [main] INFO  c.o.v.MutatingRemoveAllMarketDataOrdersVisitor - [ORDERBOOK] Removing level:119
15:18:54.287 [main] DEBUG c.orderbook.OrderBook - [ORDERBOOK] ASK: Adding orderMktData(price=98,quantity=501)
15:18:54.288 [main] INFO  c.o.v.MutatingMatchOneMarketDataOrderVisitor - [ORDERBOOK] visiting LevelOrderBookLevel(price=98,quantity=280)
15:18:54.289 [main] INFO  c.o.v.MutatingMatchOneMarketDataOrderVisitor - [ORDERBOOK] Have found order we can match:Limit(side=BUY,orderId=2,price=98,quantity=60)(MktData(price=98,quantity=501))
15:18:54.289 [main] INFO  c.o.v.MutatingMatchOneMarketDataOrderVisitor - Filled:60@98
15:18:54.291 [main] INFO  c.o.v.MutatingMatchOneMarketDataOrderVisitor - [ORDERBOOK] Filled 60@98 for order:Limit(side=BUY,orderId=2,price=98,quantity=60)
15:18:54.292 [main] INFO  c.orderbook.channel.OrderChannel - [ORDERBOOK] publishing fill to stream: [FillOrder](sbeTemplateId=10|sbeSchemaId=2|sbeSchemaVersion=0|sbeBlockLength=24):orderId=2|quantity=60|price=98
15:18:54.292 [main] INFO  c.sequencer.consumer.LoggingConsumer - [9] [FillOrder](sbeTemplateId=10|sbeSchemaId=2|sbeSchemaVersion=0|sbeBlockLength=24):orderId=2|quantity=60|price=98
15:18:54.294 [main] INFO  c.gettingstarted.MyAlgoLogic - [MYALGO] The state of the order book is:
|----BID-----||----ASK----|
    280 @ 98   101 @ 100
    200 @ 95   200 @ 110
    300 @ 91  5000 @ 115
          -   5600 @ 119
|------------||-----------|

15:18:54.294 [main] INFO  c.gettingstarted.MyAlgoLogic - [MYALGO] Have:3 children, want 3, done.
15:18:54.294 [main] INFO  c.o.v.MutatingMatchOneMarketDataOrderVisitor - [ORDERBOOK] Have found order we can match:Limit(side=BUY,orderId=3,price=98,quantity=60)(MktData(price=98,quantity=501))
15:18:54.294 [main] INFO  c.o.v.MutatingMatchOneMarketDataOrderVisitor - Filled:60@98
15:18:54.294 [main] INFO  c.o.v.MutatingMatchOneMarketDataOrderVisitor - [ORDERBOOK] Filled 60@98 for order:Limit(side=BUY,orderId=3,price=98,quantity=60)
15:18:54.294 [main] INFO  c.orderbook.channel.OrderChannel - [ORDERBOOK] publishing fill to stream: [FillOrder](sbeTemplateId=10|sbeSchemaId=2|sbeSchemaVersion=0|sbeBlockLength=24):orderId=3|quantity=60|price=98
15:18:54.294 [main] INFO  c.sequencer.consumer.LoggingConsumer - [10] [FillOrder](sbeTemplateId=10|sbeSchemaId=2|sbeSchemaVersion=0|sbeBlockLength=24):orderId=3|quantity=60|price=98
15:18:54.295 [main] INFO  c.gettingstarted.MyAlgoLogic - [MYALGO] The state of the order book is:
|----BID-----||----ASK----|
    280 @ 98   101 @ 100
    200 @ 95   200 @ 110
    300 @ 91  5000 @ 115
          -   5600 @ 119
|------------||-----------|

15:18:54.295 [main] INFO  c.gettingstarted.MyAlgoLogic - [MYALGO] Have:3 children, want 3, done.
15:18:54.295 [main] INFO  c.o.v.MutatingMatchOneMarketDataOrderVisitor - [ORDERBOOK] Have found order we can match:Limit(side=BUY,orderId=4,price=98,quantity=60)(MktData(price=98,quantity=501))
15:18:54.295 [main] INFO  c.o.v.MutatingMatchOneMarketDataOrderVisitor - Filled:60@98
15:18:54.295 [main] INFO  c.o.v.MutatingMatchOneMarketDataOrderVisitor - [ORDERBOOK] Filled 60@98 for order:Limit(side=BUY,orderId=4,price=98,quantity=60)
15:18:54.295 [main] INFO  c.orderbook.channel.OrderChannel - [ORDERBOOK] publishing fill to stream: [FillOrder](sbeTemplateId=10|sbeSchemaId=2|sbeSchemaVersion=0|sbeBlockLength=24):orderId=4|quantity=60|price=98
15:18:54.295 [main] INFO  c.sequencer.consumer.LoggingConsumer - [11] [FillOrder](sbeTemplateId=10|sbeSchemaId=2|sbeSchemaVersion=0|sbeBlockLength=24):orderId=4|quantity=60|price=98
15:18:54.295 [main] INFO  c.gettingstarted.MyAlgoLogic - [MYALGO] The state of the order book is:
|----BID-----||----ASK----|
    280 @ 98   101 @ 100
    200 @ 95   200 @ 110
    300 @ 91  5000 @ 115
          -   5600 @ 119
|------------||-----------|

15:18:54.295 [main] INFO  c.gettingstarted.MyAlgoLogic - [MYALGO] Have:3 children, want 3, done.
15:18:54.295 [main] INFO  c.o.v.MutatingMatchOneMarketDataOrderVisitor - [ORDERBOOK] visiting LevelOrderBookLevel(price=91,quantity=600)
15:18:54.295 [main] INFO  c.o.v.MutatingMatchOneMarketDataOrderVisitor - [ORDERBOOK] Can't match order:MktData(price=91,quantity=300)(MktData(price=98,quantity=501))
15:18:54.296 [main] DEBUG c.orderbook.OrderBook - [ORDERBOOK] ASK: Adding orderMktData(price=101,quantity=200)
15:18:54.296 [main] DEBUG c.orderbook.OrderBook - [ORDERBOOK] ASK: Adding orderMktData(price=110,quantity=5000)
15:18:54.296 [main] DEBUG c.orderbook.OrderBook - [ORDERBOOK] ASK: Adding orderMktData(price=119,quantity=5600)
15:18:54.296 [main] DEBUG c.service.MarketDataService - [ALGO] BID: price:95 quantity:100
15:18:54.296 [main] DEBUG c.service.MarketDataService - [ALGO] BID: price:93 quantity:200
15:18:54.296 [main] DEBUG c.service.MarketDataService - [ALGO] BID: price:91 quantity:300
15:18:54.296 [main] DEBUG c.service.MarketDataService - [ALGO] ASK: price:98 quantity:501
15:18:54.296 [main] DEBUG c.service.MarketDataService - [ALGO] ASK: price:101 quantity:200
15:18:54.296 [main] DEBUG c.service.MarketDataService - [ALGO] ASK: price:110 quantity:5000
15:18:54.296 [main] DEBUG c.service.MarketDataService - [ALGO] ASK: price:119 quantity:5600
15:18:54.296 [main] INFO  c.gettingstarted.MyAlgoLogic - [MYALGO] The state of the order book is:
|----BID-----||----ASK----|
    100 @ 95    501 @ 98
    200 @ 93   200 @ 101
    300 @ 91  5000 @ 110
          -   5600 @ 119
|------------||-----------|

15:18:54.296 [main] INFO  c.gettingstarted.MyAlgoLogic - [MYALGO] Have:3 children, want 3, done.
]]></system-out>
  </testcase>
</testsuite>